-------- Diagnostics - 6/3/2026, 1:51:06 PM
Version: 1.32.2
Current Configuration:
{
    "name": "Linux",
    "includePath": [
        "${workspaceFolder}/**"
    ],
    "defines": [],
    "compilerPath": "/usr/bin/clang",
    "cStandard": "c17",
    "cppStandard": "c++17",
    "intelliSenseMode": "linux-clang-x64",
    "compilerPathInCppPropertiesJson": "/usr/bin/clang",
    "intelliSenseModeIsExplicit": false,
    "cStandardIsExplicit": false,
    "cppStandardIsExplicit": false,
    "mergeConfigurations": false,
    "recursiveIncludes": {},
    "recursiveIncludesReduceIsExplicit": false,
    "recursiveIncludesPriorityIsExplicit": false,
    "recursiveIncludesOrderIsExplicit": false,
    "compilerPathIsExplicit": false,
    "browse": {
        "limitSymbolsToIncludedHeaders": true
    }
}
Additional Tracked Settings:
{
    "editorTabSize": 4,
    "editorInsertSpaces": true,
    "editorAutoClosingBrackets": "languageDefined",
    "filesEncoding": "utf8",
    "filesAssociations": {},
    "filesExclude": {
        "**/.git": true,
        "**/.svn": true,
        "**/.hg": true,
        "**/.DS_Store": true,
        "**/Thumbs.db": true
    },
    "filesAutoSaveAfterDelay": false,
    "editorInlayHintsEnabled": true,
    "editorParameterHintsEnabled": true,
    "searchExclude": {
        "**/node_modules": true,
        "**/bower_components": true,
        "**/*.code-search": true
    },
    "workbenchSettingsEditor": "ui"
}
cpptools version (native): 1.32.2.0
Current database path: /tmp/{049664A4-8E0E-4B40-A91D-0C23C400EEDE}/.browse.VC.db
No active translation units.

