-------- Diagnostics - 6/4/2026, 5:21:48 PM
Version: 1.32.2
Current Configuration:
{
    "name": "Linux",
    "includePath": [
        "/home/musinsky/HSIMPLE/**"
    ],
    "defines": [],
    "compilerPathIsExplicit": true,
    "cStandardIsExplicit": true,
    "cppStandardIsExplicit": true,
    "intelliSenseModeIsExplicit": true,
    "recursiveIncludesReduceIsExplicit": false,
    "recursiveIncludesPriorityIsExplicit": false,
    "recursiveIncludesOrderIsExplicit": false,
    "cStandard": "gnu23",
    "cppStandard": "gnu++20",
    "intelliSenseMode": "linux-gcc-x64",
    "mergeConfigurations": false,
    "recursiveIncludes": {},
    "compilerPath": "/usr/bin/g++",
    "browse": {
        "limitSymbolsToIncludedHeaders": true
    }
}
Modified Settings:
{
    "C_Cpp.default.intelliSenseMode": "linux-gcc-x64",
    "C_Cpp.default.compilerPath": "/usr/bin/g++",
    "C_Cpp.default.cStandard": "gnu23",
    "C_Cpp.default.cppStandard": "gnu++20",
    "C_Cpp.formatting": "clangFormat",
    "C_Cpp.clang_format_fallbackStyle": "Google"
}
Additional Tracked Settings:
{
    "editorTabSize": 4,
    "editorInsertSpaces": true,
    "editorAutoClosingBrackets": "languageDefined",
    "filesEncoding": "utf8",
    "filesAssociations": {
        "*.C": "cpp"
    },
    "filesExclude": {
        "**/.git": true,
        "**/.svn": true,
        "**/.hg": true,
        "**/.DS_Store": true,
        "**/Thumbs.db": true
    },
    "filesAutoSaveAfterDelay": false,
    "editorInlayHintsEnabled": true,
    "editorParameterHintsEnabled": true,
    "searchExclude": {
        "**/node_modules": true,
        "**/bower_components": true,
        "**/*.code-search": true
    },
    "workbenchSettingsEditor": "ui"
}
cpptools version (native): 1.32.2.0
Current database path: /home/musinsky/.cache/vscode-cpptools/a62ee8503f69d9c545292fbbc737a7d7/.browse.VC.db
Translation Unit Mappings:
[ /home/musinsky/HSIMPLE/hsimple.C - source TU]:
Translation Unit Configurations:
[ /home/musinsky/HSIMPLE/hsimple.C ]
    Process ID: 96112
    Memory Usage: 21 MB
    Compiler Path: /usr/bin/g++
    Include Paths:
        system include: /usr/include/c++/16
        system include: /usr/include/c++/16/x86_64-redhat-linux
        system include: /usr/include/c++/16/backward
        system include: /usr/lib/gcc/x86_64-redhat-linux/16/include
        system include: /usr/local/include
        system include: /usr/include
    Standard Version: c++20
    IntelliSense Mode: linux-gcc-x64
    Other Flags:
        --g++
        --gnu_version=160101
Total Memory Usage: 21 MB

------- Workspace parsing diagnostics -------
Number of files discovered (not excluded): 12096

